<?xml version="1.0" encoding="UTF-8"?>
<!-- Generated by org.testng.reporters.JUnitReportReporter -->
<testsuite hostname="Nandha" failures="0" tests="1" name="nandha.tests.flipkartBaseTest" time="54.272" errors="0" timestamp="2024-08-15T18:35:21 IST" skipped="0">
  <testcase classname="nandha.tests.flipkartBaseTest" name="submitOrder" time="54.272"/>
  <system-out/>
</testsuite> <!-- nandha.tests.flipkartBaseTest -->
